\BOOKMARK [1][-]{section.1}{Contexto y motivaci\363n}{}% 1
\BOOKMARK [1][-]{section.2}{Objetivos}{}% 2
\BOOKMARK [1][-]{section.3}{Materiales y m\351todos}{}% 3
\BOOKMARK [1][-]{section.4}{Resultados y discusi\363n}{}% 4
\BOOKMARK [2][-]{subsection.4.1}{Resoluci\363n ideal}{section.4}% 5
\BOOKMARK [2][-]{subsection.4.2}{Resoluci\363n real}{section.4}% 6
\BOOKMARK [3][-]{subsubsection.4.2.1}{An\341lisis exploratorio}{subsection.4.2}% 7
\BOOKMARK [4][-]{paragraph.4.2.1.1}{Tipos de datos}{subsubsection.4.2.1}% 8
\BOOKMARK [4][-]{paragraph.4.2.1.2}{Caja bigotes}{subsubsection.4.2.1}% 9
\BOOKMARK [4][-]{paragraph.4.2.1.3}{Histograma}{subsubsection.4.2.1}% 10
\BOOKMARK [4][-]{paragraph.4.2.1.4}{Kernel Density}{subsubsection.4.2.1}% 11
\BOOKMARK [4][-]{paragraph.4.2.1.5}{Cuantil - cuantil}{subsubsection.4.2.1}% 12
\BOOKMARK [4][-]{paragraph.4.2.1.6}{Correlaciones}{subsubsection.4.2.1}% 13
\BOOKMARK [3][-]{subsubsection.4.2.2}{Extracci\363n de Caracter\355sticas}{subsection.4.2}% 14
\BOOKMARK [4][-]{paragraph.4.2.2.1}{Filter methods}{subsubsection.4.2.2}% 15
\BOOKMARK [4][-]{paragraph.4.2.2.2}{Wrapper methods}{subsubsection.4.2.2}% 16
\BOOKMARK [4][-]{paragraph.4.2.2.3}{PCA}{subsubsection.4.2.2}% 17
\BOOKMARK [3][-]{subsubsection.4.2.3}{Modelos de Clasificaci\363n}{subsection.4.2}% 18
\BOOKMARK [3][-]{subsubsection.4.2.4}{Interfaz}{subsection.4.2}% 19
\BOOKMARK [4][-]{paragraph.4.2.4.1}{Aplicaci\363n para m\351dicos}{subsubsection.4.2.4}% 20
\BOOKMARK [4][-]{paragraph.4.2.4.2}{Aplicaci\363n para pacientes}{subsubsection.4.2.4}% 21
\BOOKMARK [2][-]{subsection.4.3}{Servidores y conexiones y seguridad}{section.4}% 22
\BOOKMARK [2][-]{subsection.4.4}{Proyecto ALERT}{section.4}% 23
\BOOKMARK [1][-]{section.5}{Conclusiones}{}% 24
\BOOKMARK [1][-]{section.6}{Lecciones aprendidas y reflexiones}{}% 25
